<?xml version="1.0" encoding="UTF-8"?>
<testsuites>
    <testsuite name="force.apex" timestamp="2020-12-17T11:48:38-03:00" hostname="https://mindful-fox-nzaknp-dev-ed.my.salesforce.com" tests="1" failures="0"  errors="0"  time="0.02">
        <properties>
            <property name="outcome" value="Passed"/>
            <property name="testsRan" value="1"/>
            <property name="passing" value="1"/>
            <property name="failing" value="0"/>
            <property name="skipped" value="0"/>
            <property name="passRate" value="100%"/>
            <property name="failRate" value="0%"/>
            <property name="testStartTime" value="Dec 17, 2020 11:48 AM"/>
            <property name="testExecutionTime" value="0.02 s"/>
            <property name="testTotalTime" value="0.02 s"/>
            <property name="commandTime" value="7.32 s"/>
            <property name="hostname" value="https://mindful-fox-nzaknp-dev-ed.my.salesforce.com"/>
            <property name="orgId" value="00D4x00000312ujEAA"/>
            <property name="username" value="henrique_nitatori@mindful-fox-nzaknp.com"/>
            <property name="testRunId" value="7074x000004qdxH"/>
            <property name="userId" value="0054x0000027d4KAAQ"/>
        </properties>
        <testcase name="accountDuplicateInListTest" classname="AccountRepositoryTest" time="0.02">
        </testcase>
    </testsuite>
</testsuites>
